GaussAndJordan3Variables0Operations10Times - Pivot and Triang Sup
Testing... ELIMINACAO_GAUSS
Testing... ELIMINACAO_GAUSS
Testing... ELIMINACAO_GAUSS
Testing... ELIMINACAO_GAUSS
Testing... ELIMINACAO_GAUSS
Testing... ELIMINACAO_GAUSS
Testing... ELIMINACAO_GAUSS
Testing... ELIMINACAO_GAUSS
Testing... ELIMINACAO_GAUSS
Testing... ELIMINACAO_GAUSS
GaussAndJordan3Variables0Operations10Times - Pivot and Triang Inf
Testing... ELIMINACAO_GAUSS
Testing... ELIMINACAO_GAUSS
Testing... ELIMINACAO_GAUSS
Testing... ELIMINACAO_GAUSS
Testing... ELIMINACAO_GAUSS
Testing... ELIMINACAO_GAUSS
Testing... ELIMINACAO_GAUSS
Testing... ELIMINACAO_GAUSS
Testing... ELIMINACAO_GAUSS
Testing... ELIMINACAO_GAUSS
GaussAndJordan3Variables0Operations10Times - No Pivot and Triang Sup
Testing... ELIMINACAO_GAUSS
Testing... ELIMINACAO_GAUSS
Testing... ELIMINACAO_GAUSS
Testing... ELIMINACAO_GAUSS
Testing... ELIMINACAO_GAUSS
Testing... ELIMINACAO_GAUSS
Testing... ELIMINACAO_GAUSS
Testing... ELIMINACAO_GAUSS
Testing... ELIMINACAO_GAUSS
Testing... ELIMINACAO_GAUSS
GaussAndJordan3Variables0Operations10Times - No Pivot and Triang Inf
Testing... ELIMINACAO_GAUSS
Testing... ELIMINACAO_GAUSS
Testing... ELIMINACAO_GAUSS
Testing... ELIMINACAO_GAUSS
Testing... ELIMINACAO_GAUSS
Testing... ELIMINACAO_GAUSS
Testing... ELIMINACAO_GAUSS
Testing... ELIMINACAO_GAUSS
Testing... ELIMINACAO_GAUSS
Testing... ELIMINACAO_GAUSS
ICAO_LU
Testing... DECOMPOSICAO_SVD
Testing... DECOMPOSICAO_CHOLESKY
Testing... DECOMPOSICAO_QR
Testing... GAUSS_JACOBI
Testing... GAUSS_SEIDEL
Testing... ELIMINACAO_GAUSS
Testing... GAUSS_JORDAN
Testing... DECOMPOSICAO_LU
Testing... DECOMPOSICAO_SVD
Testing... DECOMPOSICAO_CHOLESKY
Testing... DECOMPOSICAO_QR
Testing... GAUSS_JACOBI
Testing... GAUSS_SEIDEL
Testing... ELIMINACAO_GAUSS
Testing... GAUSS_JORDAN
Testing... DECOMPOSICAO_LU
Testing... DECOMPOSICAO_SVD
Testing... DECOMPOSICAO_CHOLESKY
Testing... DECOMPOSICAO_QR
Testing... GAUSS_JACOBI
Testing... GAUSS_SEIDEL
Testing... ELIMINACAO_GAUSS
Testing... GAUSS_JORDAN
Testing... DECOMPOSICAO_LU
Testing... DECOMPOSICAO_SVD
Testing... DECOMPOSICAO_CHOLESKY
Testing... DECOMPOSICAO_QR
Testing... GAUSS_JACOBI
Testing... GAUSS_SEIDEL
Testing... GAUSS_JACOBI
Testing... GAUSS_SEIDEL
Testing... ELIMINACAO_GAUSS
Testing... GAUSS_JORDAN
Testing... DECOMPOSICAO_LU
Testing... DECOMPOSICAO_SVD
Testing... DECOMPOSICAO_CHOLESKY
Exception - DECOMPOSICAO_CHOLESKY
java.lang.RuntimeException: Matrix is not symmetric positive definite.
	at br.edu.ufcg.msnlab.methods.choleskyQR.logic_methods.Cholesky.solve(Cholesky.java:100)
	at br.edu.ufcg.msnlab.methods.choleskyQR.interfaces.CholeskySolverImpl.solve(CholeskySolverImpl.java:97)
	at br.edu.ufcg.msnlab.facade.Controller.resolve(Controller.java:41)
	at br.edu.ufcg.msnlab.facade.Facade.resolve(Facade.java:37)
	at br.edu.ufcg.msnlab.MethodsAutomatedTest.genericTestOneMethod(MethodsAutomatedTest.java:109)
	at br.edu.ufcg.msnlab.MethodsAutomatedTest.genericTestMethods(MethodsAutomatedTest.java:127)
	at br.edu.ufcg.msnlab.MethodsAutomatedTest.test1Variables10Operations10Times(MethodsAutomatedTest.java:57)
	at sun.reflect.NativeMethodAccessorImpl.invoke0(Native Method)
	at sun.reflect.NativeMethodAccessorImpl.invoke(NativeMethodAccessorImpl.java:39)
	at sun.reflect.DelegatingMethodAccessorImpl.invoke(DelegatingMethodAccessorImpl.java:25)
	at java.lang.reflect.Method.invoke(Method.java:597)
	at junit.framework.TestCase.runTest(TestCase.java:164)
	at junit.framework.TestCase.runBare(TestCase.java:130)
	at junit.framework.TestResult$1.protect(TestResult.java:106)
	at junit.framework.TestResult.runProtected(TestResult.java:124)
	at junit.framework.TestResult.run(TestResult.java:109)
	at junit.framework.TestCase.run(TestCase.java:120)
	at junit.framework.TestSuite.runTest(TestSuite.java:230)
	at junit.framework.TestSuite.run(TestSuite.java:225)
	at org.apache.tools.ant.taskdefs.optional.junit.JUnitTestRunner.run(JUnitTestRunner.java:421)
	at org.apache.tools.ant.taskdefs.optional.junit.JUnitTestRunner.launch(JUnitTestRunner.java:912)
	at org.apache.tools.ant.taskdefs.optional.junit.JUnitTestRunner.main(JUnitTestRunner.java:766)
Testing... DECOMPOSICAO_QR
Testing... GAUSS_JACOBI
Testing... GAUSS_SEIDEL
Testing... ELIMINACAO_GAUSS
Testing... GAUSS_JORDAN
Testing... DECOMPOSICAO_LU
Testing... DECOMPOSICAO_SVD
Testing... DECOMPOSICAO_CHOLESKY
Exception - DECOMPOSICAO_CHOLESKY
java.lang.RuntimeException: Matrix is not symmetric positive definite.
	at br.edu.ufcg.msnlab.methods.choleskyQR.logic_methods.Cholesky.solve(Cholesky.java:100)
	at br.edu.ufcg.msnlab.methods.choleskyQR.interfaces.CholeskySolverImpl.solve(CholeskySolverImpl.java:97)
	at br.edu.ufcg.msnlab.facade.Controller.resolve(Controller.java:41)
	at br.edu.ufcg.msnlab.facade.Facade.resolve(Facade.java:37)
	at br.edu.ufcg.msnlab.MethodsAutomatedTest.genericTestOneMethod(MethodsAutomatedTest.java:109)
	at br.edu.ufcg.msnlab.MethodsAutomatedTest.genericTestMethods(MethodsAutomatedTest.java:127)
	at br.edu.ufcg.msnlab.MethodsAutomatedTest.test1Variables10Operations10Times(MethodsAutomatedTest.java:57)
	at sun.reflect.NativeMethodAccessorImpl.invoke0(Native Method)
	at sun.reflect.NativeMethodAccessorImpl.invoke(NativeMethodAccessorImpl.java:39)
	at sun.reflect.DelegatingMethodAccessorImpl.invoke(DelegatingMethodAccessorImpl.java:25)
	at java.lang.reflect.Method.invoke(Method.java:597)
	at junit.framework.TestCase.runTest(TestCase.java:164)
	at junit.framework.TestCase.runBare(TestCase.java:130)
	at junit.framework.TestResult$1.protect(TestResult.java:106)
	at junit.framework.TestResult.runProtected(TestResult.java:124)
	at junit.framework.TestResult.run(TestResult.java:109)
	at junit.framework.TestCase.run(TestCase.java:120)
	at junit.framework.TestSuite.runTest(TestSuite.java:230)
	at junit.framework.TestSuite.run(TestSuite.java:225)
	at org.apache.tools.ant.taskdefs.optional.junit.JUnitTestRunner.run(JUnitTestRunner.java:421)
	at org.apache.tools.ant.taskdefs.optional.junit.JUnitTestRunner.launch(JUnitTestRunner.java:912)
	at org.apache.tools.ant.taskdefs.optional.junit.JUnitTestRunner.main(JUnitTestRunner.java:766)
Testing... DECOMPOSICAO_QR
Testing... GAUSS_JACOBI
Testing... GAUSS_SEIDEL
Testing... ELIMINACAO_GAUSS
Testing... GAUSS_JORDAN
Testing... DECOMPOSICAO_LU
Testing... DECOMPOSICAO_SVD
Testing... DECOMPOSICAO_CHOLESKY
Testing... DECOMPOSICAO_QR
Testing... GAUSS_JACOBI
Testing... GAUSS_SEIDEL
Testing... ELIMINACAO_GAUSS
Testing... GAUSS_JORDAN
Testing... DECOMPOSICAO_LU
Testing... DECOMPOSICAO_SVD
Testing... DECOMPOSICAO_CHOLESKY
Exception - DECOMPOSICAO_CHOLESKY
java.lang.RuntimeException: Matrix is not symmetric positive definite.
	at br.edu.ufcg.msnlab.methods.choleskyQR.logic_methods.Cholesky.solve(Cholesky.java:100)
	at br.edu.ufcg.msnlab.methods.choleskyQR.interfaces.CholeskySolverImpl.solve(CholeskySolverImpl.java:97)
	at br.edu.ufcg.msnlab.facade.Controller.resolve(Controller.java:41)
	at br.edu.ufcg.msnlab.facade.Facade.resolve(Facade.java:37)
	at br.edu.ufcg.msnlab.MethodsAutomatedTest.genericTestOneMethod(MethodsAutomatedTest.java:109)
	at br.edu.ufcg.msnlab.MethodsAutomatedTest.genericTestMethods(MethodsAutomatedTest.java:127)
	at br.edu.ufcg.msnlab.MethodsAutomatedTest.test1Variables10Operations10Times(MethodsAutomatedTest.java:57)
	at sun.reflect.NativeMethodAccessorImpl.invoke0(Native Method)
	at sun.reflect.NativeMethodAccessorImpl.invoke(NativeMethodAccessorImpl.java:39)
	at sun.reflect.DelegatingMethodAccessorImpl.invoke(DelegatingMethodAccessorImpl.java:25)
	at java.lang.reflect.Method.invoke(Method.java:597)
	at junit.framework.TestCase.runTest(TestCase.java:164)
	at junit.framework.TestCase.runBare(TestCase.java:130)
	at junit.framework.TestResult$1.protect(TestResult.java:106)
	at junit.framework.TestResult.runProtected(TestResult.java:124)
	at junit.framework.TestResult.run(TestResult.java:109)
	at junit.framework.TestCase.run(TestCase.java:120)
	at junit.framework.TestSuite.runTest(TestSuite.java:230)
	at junit.framework.TestSuite.run(TestSuite.java:225)
	at org.apache.tools.ant.taskdefs.optional.junit.JUnitTestRunner.run(JUnitTestRunner.java:421)
	at org.apache.tools.ant.taskdefs.optional.junit.JUnitTestRunner.launch(JUnitTestRunner.java:912)
	at org.apache.tools.ant.taskdefs.optional.junit.JUnitTestRunner.main(JUnitTestRunner.java:766)
Testing... DECOMPOSICAO_QR
Testing... GAUSS_JACOBI
Testing... GAUSS_SEIDEL
Testing... ELIMINACAO_GAUSS
Testing... GAUSS_JORDAN
Testing... DECOMPOSICAO_LU
Testing... DECOMPOSICAO_SVD
Testing... DECOMPOSICAO_CHOLESKY
Exception - DECOMPOSICAO_CHOLESKY
java.lang.RuntimeException: Matrix is not symmetric positive definite.
	at br.edu.ufcg.msnlab.methods.choleskyQR.logic_methods.Cholesky.solve(Cholesky.java:100)
	at br.edu.ufcg.msnlab.methods.choleskyQR.interfaces.CholeskySolverImpl.solve(CholeskySolverImpl.java:97)
	at br.edu.ufcg.msnlab.facade.Controller.resolve(Controller.java:41)
	at br.edu.ufcg.msnlab.facade.Facade.resolve(Facade.java:37)
	at br.edu.ufcg.msnlab.MethodsAutomatedTest.genericTestOneMethod(MethodsAutomatedTest.java:109)
	at br.edu.ufcg.msnlab.MethodsAutomatedTest.genericTestMethods(MethodsAutomatedTest.java:127)
	at br.edu.ufcg.msnlab.MethodsAutomatedTest.test1Variables10Operations10Times(MethodsAutomatedTest.java:57)
	at sun.reflect.NativeMethodAccessorImpl.invoke0(Native Method)
	at sun.reflect.NativeMethodAccessorImpl.invoke(NativeMethodAccessorImpl.java:39)
	at sun.reflect.DelegatingMethodAccessorImpl.invoke(DelegatingMethodAccessorImpl.java:25)
	at java.lang.reflect.Method.invoke(Method.java:597)
	at junit.framework.TestCase.runTest(TestCase.java:164)
	at junit.framework.TestCase.runBare(TestCase.java:130)
	at junit.framework.TestResult$1.protect(TestResult.java:106)
	at junit.framework.TestResult.runProtected(TestResult.java:124)
	at junit.framework.TestResult.run(TestResult.java:109)
	at junit.framework.TestCase.run(TestCase.java:120)
	at junit.framework.TestSuite.runTest(TestSuite.java:230)
	at junit.framework.TestSuite.run(TestSuite.java:225)
	at org.apache.tools.ant.taskdefs.optional.junit.JUnitTestRunner.run(JUnitTestRunner.java:421)
	at org.apache.tools.ant.taskdefs.optional.junit.JUnitTestRunner.launch(JUnitTestRunner.java:912)
	at org.apache.tools.ant.taskdefs.optional.junit.JUnitTestRunner.main(JUnitTestRunner.java:766)
Testing... DECOMPOSICAO_QR
Testing... GAUSS_JACOBI
Testing... GAUSS_SEIDEL
Testing... ELIMINACAO_GAUSS
Testing... GAUSS_JORDAN
Testing... DECOMPOSICAO_LU
Testing... DECOMPOSICAO_SVD
Testing... DECOMPOSICAO_CHOLESKY
Exception - DECOMPOSICAO_CHOLESKY
java.lang.RuntimeException: Matrix is not symmetric positive definite.
	at br.edu.ufcg.msnlab.methods.choleskyQR.logic_methods.Cholesky.solve(Cholesky.java:100)
	at br.edu.ufcg.msnlab.methods.choleskyQR.interfaces.CholeskySolverImpl.solve(CholeskySolverImpl.java:97)
	at br.edu.ufcg.msnlab.facade.Controller.resolve(Controller.java:41)
	at br.edu.ufcg.msnlab.facade.Facade.resolve(Facade.java:37)
	at br.edu.ufcg.msnlab.MethodsAutomatedTest.genericTestOneMethod(MethodsAutomatedTest.java:109)
	at br.edu.ufcg.msnlab.MethodsAutomatedTest.genericTestMethods(MethodsAutomatedTest.java:127)
	at br.edu.ufcg.msnlab.MethodsAutomatedTest.test1Variables10Operations10Times(MethodsAutomatedTest.java:57)
	at sun.reflect.NativeMethodAccessorImpl.invoke0(Native Method)
	at sun.reflect.NativeMethodAccessorImpl.invoke(NativeMethodAccessorImpl.java:39)
	at sun.reflect.DelegatingMethodAccessorImpl.invoke(DelegatingMethodAccessorImpl.java:25)
	at java.lang.reflect.Method.invoke(Method.java:597)
	at junit.framework.TestCase.runTest(TestCase.java:164)
	at junit.framework.TestCase.runBare(TestCase.java:130)
	at junit.framework.TestResult$1.protect(TestResult.java:106)
	at junit.framework.TestResult.runProtected(TestResult.java:124)
	at junit.framework.TestResult.run(TestResult.java:109)
	at junit.framework.TestCase.run(TestCase.java:120)
	at junit.framework.TestSuite.runTest(TestSuite.java:230)
	at junit.framework.TestSuite.run(TestSuite.java:225)
	at org.apache.tools.ant.taskdefs.optional.junit.JUnitTestRunner.run(JUnitTestRunner.java:421)
	at org.apache.tools.ant.taskdefs.optional.junit.JUnitTestRunner.launch(JUnitTestRunner.java:912)
	at org.apache.tools.ant.taskdefs.optional.junit.JUnitTestRunner.main(JUnitTestRunner.java:766)
Testing... DECOMPOSICAO_QR
Testing... GAUSS_JACOBI
Testing... GAUSS_SEIDEL
Testing... ELIMINACAO_GAUSS
Testing... GAUSS_JORDAN
Testing... DECOMPOSICAO_LU
Testing... DECOMPOSICAO_SVD
Testing... DECOMPOSICAO_CHOLESKY
Testing... DECOMPOSICAO_QR
Testing... GAUSS_JACOBI
Testing... GAUSS_SEIDEL
Testing... ELIMINACAO_GAUSS
Testing... GAUSS_JORDAN
Testing... DECOMPOSICAO_LU
Testing... DECOMPOSICAO_SVD
Testing... DECOMPOSICAO_CHOLESKY
Testing... DECOMPOSICAO_QR
Testing... GAUSS_JACOBI
Testing... GAUSS_SEIDEL
.java:120)
	at junit.framework.TestSuite.runTest(TestSuite.java:230)
	at junit.framework.TestSuite.run(TestSuite.java:225)
	at org.apache.tools.ant.taskdefs.optional.junit.JUnitTestRunner.run(JUnitTestRunner.java:421)
	at org.apache.tools.ant.taskdefs.optional.junit.JUnitTestRunner.launch(JUnitTestRunner.java:912)
	at org.apache.tools.ant.taskdefs.optional.junit.JUnitTestRunner.main(JUnitTestRunner.java:766)
Testing... DECOMPOSICAO_QR
Testing... GAUSS_JACOBI
Exception - GAUSS_JACOBI
br.edu.ufcg.msnlab.exceptions.MSNException: The system can not converge!
	at br.edu.ufcg.msnlab.methods.jacobi.JacobiSolverImpl.searchMatrixConvergence(JacobiSolverImpl.java:205)
	at br.edu.ufcg.msnlab.methods.jacobi.JacobiSolverImpl.solve(JacobiSolverImpl.java:33)
	at br.edu.ufcg.msnlab.facade.Controller.resolve(Controller.java:53)
	at br.edu.ufcg.msnlab.facade.Facade.resolve(Facade.java:37)
	at br.edu.ufcg.msnlab.MethodsAutomatedTest.genericTestOneMethod(MethodsAutomatedTest.java:109)
	at br.edu.ufcg.msnlab.MethodsAutomatedTest.genericTestMethods(MethodsAutomatedTest.java:127)
	at br.edu.ufcg.msnlab.MethodsAutomatedTest.test5Variables100Operations3Times(MethodsAutomatedTest.java:50)
	at sun.reflect.NativeMethodAccessorImpl.invoke0(Native Method)
	at sun.reflect.NativeMethodAccessorImpl.invoke(NativeMethodAccessorImpl.java:39)
	at sun.reflect.DelegatingMethodAccessorImpl.invoke(DelegatingMethodAccessorImpl.java:25)
	at java.lang.reflect.Method.invoke(Method.java:597)
	at junit.framework.TestCase.runTest(TestCase.java:164)
	at junit.framework.TestCase.runBare(TestCase.java:130)
	at junit.framework.TestResult$1.protect(TestResult.java:106)
	at junit.framework.TestResult.runProtected(TestResult.java:124)
	at junit.framework.TestResult.run(TestResult.java:109)
	at junit.framework.TestCase.run(TestCase.java:120)
	at junit.framework.TestSuite.runTest(TestSuite.java:230)
	at junit.framework.TestSuite.run(TestSuite.java:225)
	at org.apache.tools.ant.taskdefs.optional.junit.JUnitTestRunner.run(JUnitTestRunner.java:421)
	at org.apache.tools.ant.taskdefs.optional.junit.JUnitTestRunner.launch(JUnitTestRunner.java:912)
	at org.apache.tools.ant.taskdefs.optional.junit.JUnitTestRunner.main(JUnitTestRunner.java:766)
Testing... GAUSS_SEIDEL
Exception - GAUSS_SEIDEL
br.edu.ufcg.msnlab.exceptions.MSNException: The system can not converge!
	at br.edu.ufcg.msnlab.methods.GaussSeidel.GaussSeidelSolverImpl.searchMatrixConvergence(GaussSeidelSolverImpl.java:115)
	at br.edu.ufcg.msnlab.methods.GaussSeidel.GaussSeidelSolverImpl.seidel(GaussSeidelSolverImpl.java:74)
	at br.edu.ufcg.msnlab.methods.GaussSeidel.GaussSeidelSolverImpl.solve(GaussSeidelSolverImpl.java:34)
	at br.edu.ufcg.msnlab.facade.Controller.resolve(Controller.java:56)
	at br.edu.ufcg.msnlab.facade.Facade.resolve(Facade.java:37)
	at br.edu.ufcg.msnlab.MethodsAutomatedTest.genericTestOneMethod(MethodsAutomatedTest.java:109)
	at br.edu.ufcg.msnlab.MethodsAutomatedTest.genericTestMethods(MethodsAutomatedTest.java:127)
	at br.edu.ufcg.msnlab.MethodsAutomatedTest.test5Variables100Operations3Times(MethodsAutomatedTest.java:50)
	at sun.reflect.NativeMethodAccessorImpl.invoke0(Native Method)
	at sun.reflect.NativeMethodAccessorImpl.invoke(NativeMethodAccessorImpl.java:39)
	at sun.reflect.DelegatingMethodAccessorImpl.invoke(DelegatingMethodAccessorImpl.java:25)
	at java.lang.reflect.Method.invoke(Method.java:597)
	at junit.framework.TestCase.runTest(TestCase.java:164)
	at junit.framework.TestCase.runBare(TestCase.java:130)
	at junit.framework.TestResult$1.protect(TestResult.java:106)
	at junit.framework.TestResult.runProtected(TestResult.java:124)
	at junit.framework.TestResult.run(TestResult.java:109)
	at junit.framework.TestCase.run(TestCase.java:120)
	at junit.framework.TestSuite.runTest(TestSuite.java:230)
	at junit.framework.TestSuite.run(TestSuite.java:225)
	at org.apache.tools.ant.taskdefs.optional.junit.JUnitTestRunner.run(JUnitTestRunner.java:421)
	at org.apache.tools.ant.taskdefs.optional.junit.JUnitTestRunner.launch(JUnitTestRunner.java:912)
	at org.apache.tools.ant.taskdefs.optional.junit.JUnitTestRunner.main(JUnitTestRunner.java:766)
Testing... ELIMINACAO_GAUSS
Testing... GAUSS_JORDAN
Testing... DECOMPOSICAO_LU
Testing... DECOMPOSICAO_SVD
Testing... DECOMPOSICAO_CHOLESKY
Exception - DECOMPOSICAO_CHOLESKY
java.lang.RuntimeException: Matrix is not symmetric positive definite.
	at br.edu.ufcg.msnlab.methods.choleskyQR.logic_methods.Cholesky.solve(Cholesky.java:100)
	at br.edu.ufcg.msnlab.methods.choleskyQR.interfaces.CholeskySolverImpl.solve(CholeskySolverImpl.java:97)
	at br.edu.ufcg.msnlab.facade.Controller.resolve(Controller.java:41)
	at br.edu.ufcg.msnlab.facade.Facade.resolve(Facade.java:37)
	at br.edu.ufcg.msnlab.MethodsAutomatedTest.genericTestOneMethod(MethodsAutomatedTest.java:109)
	at br.edu.ufcg.msnlab.MethodsAutomatedTest.genericTestMethods(MethodsAutomatedTest.java:127)
	at br.edu.ufcg.msnlab.MethodsAutomatedTest.test5Variables100Operations3Times(MethodsAutomatedTest.java:50)
	at sun.reflect.NativeMethodAccessorImpl.invoke0(Native Method)
	at sun.reflect.NativeMethodAccessorImpl.invoke(NativeMethodAccessorImpl.java:39)
	at sun.reflect.DelegatingMethodAccessorImpl.invoke(DelegatingMethodAccessorImpl.java:25)
	at java.lang.reflect.Method.invoke(Method.java:597)
	at junit.framework.TestCase.runTest(TestCase.java:164)
	at junit.framework.TestCase.runBare(TestCase.java:130)
	at junit.framework.TestResult$1.protect(TestResult.java:106)
	at junit.framework.TestResult.runProtected(TestResult.java:124)
	at junit.framework.TestResult.run(TestResult.java:109)
	at junit.framework.TestCase.run(TestCase.java:120)
	at junit.framework.TestSuite.runTest(TestSuite.java:230)
	at junit.framework.TestSuite.run(TestSuite.java:225)
	at org.apache.tools.ant.taskdefs.optional.junit.JUnitTestRunner.run(JUnitTestRunner.java:421)
	at org.apache.tools.ant.taskdefs.optional.junit.JUnitTestRunner.launch(JUnitTestRunner.java:912)
	at org.apache.tools.ant.taskdefs.optional.junit.JUnitTestRunner.main(JUnitTestRunner.java:766)
Testing... DECOMPOSICAO_QR
Testing... GAUSS_JACOBI
Exception - GAUSS_JACOBI
br.edu.ufcg.msnlab.exceptions.MSNException: The system can not converge!
	at br.edu.ufcg.msnlab.methods.jacobi.JacobiSolverImpl.searchMatrixConvergence(JacobiSolverImpl.java:205)
	at br.edu.ufcg.msnlab.methods.jacobi.JacobiSolverImpl.solve(JacobiSolverImpl.java:33)
	at br.edu.ufcg.msnlab.facade.Controller.resolve(Controller.java:53)
	at br.edu.ufcg.msnlab.facade.Facade.resolve(Facade.java:37)
	at br.edu.ufcg.msnlab.MethodsAutomatedTest.genericTestOneMethod(MethodsAutomatedTest.java:109)
	at br.edu.ufcg.msnlab.MethodsAutomatedTest.genericTestMethods(MethodsAutomatedTest.java:127)
	at br.edu.ufcg.msnlab.MethodsAutomatedTest.test5Variables100Operations3Times(MethodsAutomatedTest.java:50)
	at sun.reflect.NativeMethodAccessorImpl.invoke0(Native Method)
	at sun.reflect.NativeMethodAccessorImpl.invoke(NativeMethodAccessorImpl.java:39)
	at sun.reflect.DelegatingMethodAccessorImpl.invoke(DelegatingMethodAccessorImpl.java:25)
	at java.lang.reflect.Method.invoke(Method.java:597)
	at junit.framework.TestCase.runTest(TestCase.java:164)
	at junit.framework.TestCase.runBare(TestCase.java:130)
	at junit.framework.TestResult$1.protect(TestResult.java:106)
	at junit.framework.TestResult.runProtected(TestResult.java:124)
	at junit.framework.TestResult.run(TestResult.java:109)
	at junit.framework.TestCase.run(TestCase.java:120)
	at junit.framework.TestSuite.runTest(TestSuite.java:230)
	at junit.framework.TestSuite.run(TestSuite.java:225)
	at org.apache.tools.ant.taskdefs.optional.junit.JUnitTestRunner.run(JUnitTestRunner.java:421)
	at org.apache.tools.ant.taskdefs.optional.junit.JUnitTestRunner.launch(JUnitTestRunner.java:912)
	at org.apache.tools.ant.taskdefs.optional.junit.JUnitTestRunner.main(JUnitTestRunner.java:766)
Testing... GAUSS_SEIDEL
Exception - GAUSS_SEIDEL
br.edu.ufcg.msnlab.exceptions.MSNException: The system can not converge!
	at br.edu.ufcg.msnlab.methods.GaussSeidel.GaussSeidelSolverImpl.searchMatrixConvergence(GaussSeidelSolverImpl.java:115)
	at br.edu.ufcg.msnlab.methods.GaussSeidel.GaussSeidelSolverImpl.seidel(GaussSeidelSolverImpl.java:74)
	at br.edu.ufcg.msnlab.methods.GaussSeidel.GaussSeidelSolverImpl.solve(GaussSeidelSolverImpl.java:34)
	at br.edu.ufcg.msnlab.facade.Controller.resolve(Controller.java:56)
	at br.edu.ufcg.msnlab.facade.Facade.resolve(Facade.java:37)
	at br.edu.ufcg.msnlab.MethodsAutomatedTest.genericTestOneMethod(MethodsAutomatedTest.java:109)
	at br.edu.ufcg.msnlab.MethodsAutomatedTest.genericTestMethods(MethodsAutomatedTest.java:127)
	at br.edu.ufcg.msnlab.MethodsAutomatedTest.test5Variables100Operations3Times(MethodsAutomatedTest.java:50)
	at sun.reflect.NativeMethodAccessorImpl.invoke0(Native Method)
	at sun.reflect.NativeMethodAccessorImpl.invoke(NativeMethodAccessorImpl.java:39)
	at sun.reflect.DelegatingMethodAccessorImpl.invoke(DelegatingMethodAccessorImpl.java:25)
	at java.lang.reflect.Method.invoke(Method.java:597)
	at junit.framework.TestCase.runTest(TestCase.java:164)
	at junit.framework.TestCase.runBare(TestCase.java:130)
	at junit.framework.TestResult$1.protect(TestResult.java:106)
	at junit.framework.TestResult.runProtected(TestResult.java:124)
	at junit.framework.TestResult.run(TestResult.java:109)
	at junit.framework.TestCase.run(TestCase.java:120)
	at junit.framework.TestSuite.runTest(TestSuite.java:230)
	at junit.framework.TestSuite.run(TestSuite.java:225)
	at org.apache.tools.ant.taskdefs.optional.junit.JUnitTestRunner.run(JUnitTestRunner.java:421)
	at org.apache.tools.ant.taskdefs.optional.junit.JUnitTestRunner.launch(JUnitTestRunner.java:912)
	at org.apache.tools.ant.taskdefs.optional.junit.JUnitTestRunner.main(JUnitTestRunner.java:766)
Testing... ELIMINACAO_GAUSS
Testing... GAUSS_JORDAN
Testing... DECOMPOSICAO_LU
Testing... DECOMPOSICAO_SVD
Testing... DECOMPOSICAO_CHOLESKY
Exception - DECOMPOSICAO_CHOLESKY
java.lang.RuntimeException: Matrix is not symmetric positive definite.
	at br.edu.ufcg.msnlab.methods.choleskyQR.logic_methods.Cholesky.solve(Cholesky.java:100)
	at br.edu.ufcg.msnlab.methods.choleskyQR.interfaces.CholeskySolverImpl.solve(CholeskySolverImpl.java:97)
	at br.edu.ufcg.msnlab.facade.Controller.resolve(Controller.java:41)
	at br.edu.ufcg.msnlab.facade.Facade.resolve(Facade.java:37)
	at br.edu.ufcg.msnlab.MethodsAutomatedTest.genericTestOneMethod(MethodsAutomatedTest.java:109)
	at br.edu.ufcg.msnlab.MethodsAutomatedTest.genericTestMethods(MethodsAutomatedTest.java:127)
	at br.edu.ufcg.msnlab.MethodsAutomatedTest.test5Variables100Operations3Times(MethodsAutomatedTest.java:50)
	at sun.reflect.NativeMethodAccessorImpl.invoke0(Native Method)
	at sun.reflect.NativeMethodAccessorImpl.invoke(NativeMethodAccessorImpl.java:39)
	at sun.reflect.DelegatingMethodAccessorImpl.invoke(DelegatingMethodAccessorImpl.java:25)
	at java.lang.reflect.Method.invoke(Method.java:597)
	at junit.framework.TestCase.runTest(TestCase.java:164)
	at junit.framework.TestCase.runBare(TestCase.java:130)
	at junit.framework.TestResult$1.protect(TestResult.java:106)
	at junit.framework.TestResult.runProtected(TestResult.java:124)
	at junit.framework.TestResult.run(TestResult.java:109)
	at junit.framework.TestCase.run(TestCase.java:120)
	at junit.framework.TestSuite.runTest(TestSuite.java:230)
	at junit.framework.TestSuite.run(TestSuite.java:225)
	at org.apache.tools.ant.taskdefs.optional.junit.JUnitTestRunner.run(JUnitTestRunner.java:421)
	at org.apache.tools.ant.taskdefs.optional.junit.JUnitTestRunner.launch(JUnitTestRunner.java:912)
	at org.apache.tools.ant.taskdefs.optional.junit.JUnitTestRunner.main(JUnitTestRunner.java:766)
Testing... DECOMPOSICAO_QR
Testing... GAUSS_JACOBI
Exception - GAUSS_JACOBI
br.edu.ufcg.msnlab.exceptions.MSNException: The system can not converge!
	at br.edu.ufcg.msnlab.methods.jacobi.JacobiSolverImpl.searchMatrixConvergence(JacobiSolverImpl.java:205)
	at br.edu.ufcg.msnlab.methods.jacobi.JacobiSolverImpl.solve(JacobiSolverImpl.java:33)
	at br.edu.ufcg.msnlab.facade.Controller.resolve(Controller.java:53)
	at br.edu.ufcg.msnlab.facade.Facade.resolve(Facade.java:37)
	at br.edu.ufcg.msnlab.MethodsAutomatedTest.genericTestOneMethod(MethodsAutomatedTest.java:109)
	at br.edu.ufcg.msnlab.MethodsAutomatedTest.genericTestMethods(MethodsAutomatedTest.java:127)
	at br.edu.ufcg.msnlab.MethodsAutomatedTest.test5Variables100Operations3Times(MethodsAutomatedTest.java:50)
	at sun.reflect.NativeMethodAccessorImpl.invoke0(Native Method)
	at sun.reflect.NativeMethodAccessorImpl.invoke(NativeMethodAccessorImpl.java:39)
	at sun.reflect.DelegatingMethodAccessorImpl.invoke(DelegatingMethodAccessorImpl.java:25)
	at java.lang.reflect.Method.invoke(Method.java:597)
	at junit.framework.TestCase.runTest(TestCase.java:164)
	at junit.framework.TestCase.runBare(TestCase.java:130)
	at junit.framework.TestResult$1.protect(TestResult.java:106)
	at junit.framework.TestResult.runProtected(TestResult.java:124)
	at junit.framework.TestResult.run(TestResult.java:109)
	at junit.framework.TestCase.run(TestCase.java:120)
	at junit.framework.TestSuite.runTest(TestSuite.java:230)
	at junit.framework.TestSuite.run(TestSuite.java:225)
	at org.apache.tools.ant.taskdefs.optional.junit.JUnitTestRunner.run(JUnitTestRunner.java:421)
	at org.apache.tools.ant.taskdefs.optional.junit.JUnitTestRunner.launch(JUnitTestRunner.java:912)
	at org.apache.tools.ant.taskdefs.optional.junit.JUnitTestRunner.main(JUnitTestRunner.java:766)
Testing... GAUSS_SEIDEL
Exception - GAUSS_SEIDEL
br.edu.ufcg.msnlab.exceptions.MSNException: The system can not converge!
	at br.edu.ufcg.msnlab.methods.GaussSeidel.GaussSeidelSolverImpl.searchMatrixConvergence(GaussSeidelSolverImpl.java:115)
	at br.edu.ufcg.msnlab.methods.GaussSeidel.GaussSeidelSolverImpl.seidel(GaussSeidelSolverImpl.java:74)
	at br.edu.ufcg.msnlab.methods.GaussSeidel.GaussSeidelSolverImpl.solve(GaussSeidelSolverImpl.java:34)
	at br.edu.ufcg.msnlab.facade.Controller.resolve(Controller.java:56)
	at br.edu.ufcg.msnlab.facade.Facade.resolve(Facade.java:37)
	at br.edu.ufcg.msnlab.MethodsAutomatedTest.genericTestOneMethod(MethodsAutomatedTest.java:109)
	at br.edu.ufcg.msnlab.MethodsAutomatedTest.genericTestMethods(MethodsAutomatedTest.java:127)
	at br.edu.ufcg.msnlab.MethodsAutomatedTest.test5Variables100Operations3Times(MethodsAutomatedTest.java:50)
	at sun.reflect.NativeMethodAccessorImpl.invoke0(Native Method)
	at sun.reflect.NativeMethodAccessorImpl.invoke(NativeMethodAccessorImpl.java:39)
	at sun.reflect.DelegatingMethodAccessorImpl.invoke(DelegatingMethodAccessorImpl.java:25)
	at java.lang.reflect.Method.invoke(Method.java:597)
	at junit.framework.TestCase.runTest(TestCase.java:164)
	at junit.framework.TestCase.runBare(TestCase.java:130)
	at junit.framework.TestResult$1.protect(TestResult.java:106)
	at junit.framework.TestResult.runProtected(TestResult.java:124)
	at junit.framework.TestResult.run(TestResult.java:109)
	at junit.framework.TestCase.run(TestCase.java:120)
	at junit.framework.TestSuite.runTest(TestSuite.java:230)
	at junit.framework.TestSuite.run(TestSuite.java:225)
	at org.apache.tools.ant.taskdefs.optional.junit.JUnitTestRunner.run(JUnitTestRunner.java:421)
	at org.apache.tools.ant.taskdefs.optional.junit.JUnitTestRunner.launch(JUnitTestRunner.java:912)
	at org.apache.tools.ant.taskdefs.optional.junit.JUnitTestRunner.main(JUnitTestRunner.java:766)
Testing... ELIMINACAO_GAUSS
Testing... GAUSS_JORDAN
Testing... DECOMPOSICAO_LU
Testing... DECOMPOSICAO_SVD
Testing... DECOMPOSICAO_CHOLESKY
Exception - DECOMPOSICAO_CHOLESKY
java.lang.RuntimeException: Matrix is not symmetric positive definite.
	at br.edu.ufcg.msnlab.methods.choleskyQR.logic_methods.Cholesky.solve(Cholesky.java:100)
	at br.edu.ufcg.msnlab.methods.choleskyQR.interfaces.CholeskySolverImpl.solve(CholeskySolverImpl.java:97)
	at br.edu.ufcg.msnlab.facade.Controller.resolve(Controller.java:41)
	at br.edu.ufcg.msnlab.facade.Facade.resolve(Facade.java:37)
	at br.edu.ufcg.msnlab.MethodsAutomatedTest.genericTestOneMethod(MethodsAutomatedTest.java:109)
	at br.edu.ufcg.msnlab.MethodsAutomatedTest.genericTestMethods(MethodsAutomatedTest.java:127)
	at br.edu.ufcg.msnlab.MethodsAutomatedTest.test5Variables100Operations3Times(MethodsAutomatedTest.java:50)
	at sun.reflect.NativeMethodAccessorImpl.invoke0(Native Method)
	at sun.reflect.NativeMethodAccessorImpl.invoke(NativeMethodAccessorImpl.java:39)
	at sun.reflect.DelegatingMethodAccessorImpl.invoke(DelegatingMethodAccessorImpl.java:25)
	at java.lang.reflect.Method.invoke(Method.java:597)
	at junit.framework.TestCase.runTest(TestCase.java:164)
	at junit.framework.TestCase.runBare(TestCase.java:130)
	at junit.framework.TestResult$1.protect(TestResult.java:106)
	at junit.framework.TestResult.runProtected(TestResult.java:124)
	at junit.framework.TestResult.run(TestResult.java:109)
	at junit.framework.TestCase.run(TestCase.java:120)
	at junit.framework.TestSuite.runTest(TestSuite.java:230)
	at junit.framework.TestSuite.run(TestSuite.java:225)
	at org.apache.tools.ant.taskdefs.optional.junit.JUnitTestRunner.run(JUnitTestRunner.java:421)
	at org.apache.tools.ant.taskdefs.optional.junit.JUnitTestRunner.launch(JUnitTestRunner.java:912)
	at org.apache.tools.ant.taskdefs.optional.junit.JUnitTestRunner.main(JUnitTestRunner.java:766)
Testing... DECOMPOSICAO_QR
Testing... GAUSS_JACOBI
Exception - GAUSS_JACOBI
br.edu.ufcg.msnlab.exceptions.MSNException: The system can not converge!
	at br.edu.ufcg.msnlab.methods.jacobi.JacobiSolverImpl.searchMatrixConvergence(JacobiSolverImpl.java:205)
	at br.edu.ufcg.msnlab.methods.jacobi.JacobiSolverImpl.solve(JacobiSolverImpl.java:33)
	at br.edu.ufcg.msnlab.facade.Controller.resolve(Controller.java:53)
	at br.edu.ufcg.msnlab.facade.Facade.resolve(Facade.java:37)
	at br.edu.ufcg.msnlab.MethodsAutomatedTest.genericTestOneMethod(MethodsAutomatedTest.java:109)
	at br.edu.ufcg.msnlab.MethodsAutomatedTest.genericTestMethods(MethodsAutomatedTest.java:127)
	at br.edu.ufcg.msnlab.MethodsAutomatedTest.test5Variables100Operations3Times(MethodsAutomatedTest.java:50)
	at sun.reflect.NativeMethodAccessorImpl.invoke0(Native Method)
	at sun.reflect.NativeMethodAccessorImpl.invoke(NativeMethodAccessorImpl.java:39)
	at sun.reflect.DelegatingMethodAccessorImpl.invoke(DelegatingMethodAccessorImpl.java:25)
	at java.lang.reflect.Method.invoke(Method.java:597)
	at junit.framework.TestCase.runTest(TestCase.java:164)
	at junit.framework.TestCase.runBare(TestCase.java:130)
	at junit.framework.TestResult$1.protect(TestResult.java:106)
	at junit.framework.TestResult.runProtected(TestResult.java:124)
	at junit.framework.TestResult.run(TestResult.java:109)
	at junit.framework.TestCase.run(TestCase.java:120)
	at junit.framework.TestSuite.runTest(TestSuite.java:230)
	at junit.framework.TestSuite.run(TestSuite.java:225)
	at org.apache.tools.ant.taskdefs.optional.junit.JUnitTestRunner.run(JUnitTestRunner.java:421)
	at org.apache.tools.ant.taskdefs.optional.junit.JUnitTestRunner.launch(JUnitTestRunner.java:912)
	at org.apache.tools.ant.taskdefs.optional.junit.JUnitTestRunner.main(JUnitTestRunner.java:766)
Testing... GAUSS_SEIDEL
Exception - GAUSS_SEIDEL
br.edu.ufcg.msnlab.exceptions.MSNException: The system can not converge!
	at br.edu.ufcg.msnlab.methods.GaussSeidel.GaussSeidelSolverImpl.searchMatrixConvergence(GaussSeidelSolverImpl.java:115)
	at br.edu.ufcg.msnlab.methods.GaussSeidel.GaussSeidelSolverImpl.seidel(GaussSeidelSolverImpl.java:74)
	at br.edu.ufcg.msnlab.methods.GaussSeidel.GaussSeidelSolverImpl.solve(GaussSeidelSolverImpl.java:34)
	at br.edu.ufcg.msnlab.facade.Controller.resolve(Controller.java:56)
	at br.edu.ufcg.msnlab.facade.Facade.resolve(Facade.java:37)
	at br.edu.ufcg.msnlab.MethodsAutomatedTest.genericTestOneMethod(MethodsAutomatedTest.java:109)
	at br.edu.ufcg.msnlab.MethodsAutomatedTest.genericTestMethods(MethodsAutomatedTest.java:127)
	at br.edu.ufcg.msnlab.MethodsAutomatedTest.test5Variables100Operations3Times(MethodsAutomatedTest.java:50)
	at sun.reflect.NativeMethodAccessorImpl.invoke0(Native Method)
	at sun.reflect.NativeMethodAccessorImpl.invoke(NativeMethodAccessorImpl.java:39)
	at sun.reflect.DelegatingMethodAccessorImpl.invoke(DelegatingMethodAccessorImpl.java:25)
	at java.lang.reflect.Method.invoke(Method.java:597)
	at junit.framework.TestCase.runTest(TestCase.java:164)
	at junit.framework.TestCase.runBare(TestCase.java:130)
	at junit.framework.TestResult$1.protect(TestResult.java:106)
	at junit.framework.TestResult.runProtected(TestResult.java:124)
	at junit.framework.TestResult.run(TestResult.java:109)
	at junit.framework.TestCase.run(TestCase.java:120)
	at junit.framework.TestSuite.runTest(TestSuite.java:230)
	at junit.framework.TestSuite.run(TestSuite.java:225)
	at org.apache.tools.ant.taskdefs.optional.junit.JUnitTestRunner.run(JUnitTestRunner.java:421)
	at org.apache.tools.ant.taskdefs.optional.junit.JUnitTestRunner.launch(JUnitTestRunner.java:912)
	at org.apache.tools.ant.taskdefs.optional.junit.JUnitTestRunner.main(JUnitTestRunner.java:766)
Testing... ELIMINACAO_GAUSS
Testing... GAUSS_JORDAN
Testing... DECOMPOSICAO_LU
Testing... DECOMPOSICAO_SVD
Testing... DECOMPOSICAO_CHOLESKY
Exception - DECOMPOSICAO_CHOLESKY
java.lang.RuntimeException: Matrix is not symmetric positive definite.
	at br.edu.ufcg.msnlab.methods.choleskyQR.logic_methods.Cholesky.solve(Cholesky.java:100)
	at br.edu.ufcg.msnlab.methods.choleskyQR.interfaces.CholeskySolverImpl.solve(CholeskySolverImpl.java:97)
	at br.edu.ufcg.msnlab.facade.Controller.resolve(Controller.java:41)
	at br.edu.ufcg.msnlab.facade.Facade.resolve(Facade.java:37)
	at br.edu.ufcg.msnlab.MethodsAutomatedTest.genericTestOneMethod(MethodsAutomatedTest.java:109)
	at br.edu.ufcg.msnlab.MethodsAutomatedTest.genericTestMethods(MethodsAutomatedTest.java:127)
	at br.edu.ufcg.msnlab.MethodsAutomatedTest.test5Variables100Operations3Times(MethodsAutomatedTest.java:50)
	at sun.reflect.NativeMethodAccessorImpl.invoke0(Native Method)
	at sun.reflect.NativeMethodAccessorImpl.invoke(NativeMethodAccessorImpl.java:39)
	at sun.reflect.DelegatingMethodAccessorImpl.invoke(DelegatingMethodAccessorImpl.java:25)
	at java.lang.reflect.Method.invoke(Method.java:597)
	at junit.framework.TestCase.runTest(TestCase.java:164)
	at junit.framework.TestCase.runBare(TestCase.java:130)
	at junit.framework.TestResult$1.protect(TestResult.java:106)
	at junit.framework.TestResult.runProtected(TestResult.java:124)
	at junit.framework.TestResult.run(TestResult.java:109)
	at junit.framework.TestCase.run(TestCase.java:120)
	at junit.framework.TestSuite.runTest(TestSuite.java:230)
	at junit.framework.TestSuite.run(TestSuite.java:225)
	at org.apache.tools.ant.taskdefs.optional.junit.JUnitTestRunner.run(JUnitTestRunner.java:421)
	at org.apache.tools.ant.taskdefs.optional.junit.JUnitTestRunner.launch(JUnitTestRunner.java:912)
	at org.apache.tools.ant.taskdefs.optional.junit.JUnitTestRunner.main(JUnitTestRunner.java:766)
Testing... DECOMPOSICAO_QR
Testing... GAUSS_JACOBI
Exception - GAUSS_JACOBI
br.edu.ufcg.msnlab.exceptions.MSNException: The system can not converge!
	at br.edu.ufcg.msnlab.methods.jacobi.JacobiSolverImpl.searchMatrixConvergence(JacobiSolverImpl.java:205)
	at br.edu.ufcg.msnlab.methods.jacobi.JacobiSolverImpl.solve(JacobiSolverImpl.java:33)
	at br.edu.ufcg.msnlab.facade.Controller.resolve(Controller.java:53)
	at br.edu.ufcg.msnlab.facade.Facade.resolve(Facade.java:37)
	at br.edu.ufcg.msnlab.MethodsAutomatedTest.genericTestOneMethod(MethodsAutomatedTest.java:109)
	at br.edu.ufcg.msnlab.MethodsAutomatedTest.genericTestMethods(MethodsAutomatedTest.java:127)
	at br.edu.ufcg.msnlab.MethodsAutomatedTest.test5Variables100Operations3Times(MethodsAutomatedTest.java:50)
	at sun.reflect.NativeMethodAccessorImpl.invoke0(Native Method)
	at sun.reflect.NativeMethodAccessorImpl.invoke(NativeMethodAccessorImpl.java:39)
	at sun.reflect.DelegatingMethodAccessorImpl.invoke(DelegatingMethodAccessorImpl.java:25)
	at java.lang.reflect.Method.invoke(Method.java:597)
	at junit.framework.TestCase.runTest(TestCase.java:164)
	at junit.framework.TestCase.runBare(TestCase.java:130)
	at junit.framework.TestResult$1.protect(TestResult.java:106)
	at junit.framework.TestResult.runProtected(TestResult.java:124)
	at junit.framework.TestResult.run(TestResult.java:109)
	at junit.framework.TestCase.run(TestCase.java:120)
	at junit.framework.TestSuite.runTest(TestSuite.java:230)
	at junit.framework.TestSuite.run(TestSuite.java:225)
	at org.apache.tools.ant.taskdefs.optional.junit.JUnitTestRunner.run(JUnitTestRunner.java:421)
	at org.apache.tools.ant.taskdefs.optional.junit.JUnitTestRunner.launch(JUnitTestRunner.java:912)
	at org.apache.tools.ant.taskdefs.optional.junit.JUnitTestRunner.main(JUnitTestRunner.java:766)
Testing... GAUSS_SEIDEL
Exception - GAUSS_SEIDEL
br.edu.ufcg.msnlab.exceptions.MSNException: The system can not converge!
	at br.edu.ufcg.msnlab.methods.GaussSeidel.GaussSeidelSolverImpl.searchMatrixConvergence(GaussSeidelSolverImpl.java:115)
	at br.edu.ufcg.msnlab.methods.GaussSeidel.GaussSeidelSolverImpl.seidel(GaussSeidelSolverImpl.java:74)
	at br.edu.ufcg.msnlab.methods.GaussSeidel.GaussSeidelSolverImpl.solve(GaussSeidelSolverImpl.java:34)
	at br.edu.ufcg.msnlab.facade.Controller.resolve(Controller.java:56)
	at br.edu.ufcg.msnlab.facade.Facade.resolve(Facade.java:37)
	at br.edu.ufcg.msnlab.MethodsAutomatedTest.genericTestOneMethod(MethodsAutomatedTest.java:109)
	at br.edu.ufcg.msnlab.MethodsAutomatedTest.genericTestMethods(MethodsAutomatedTest.java:127)
	at br.edu.ufcg.msnlab.MethodsAutomatedTest.test5Variables100Operations3Times(MethodsAutomatedTest.java:50)
	at sun.reflect.NativeMethodAccessorImpl.invoke0(Native Method)
	at sun.reflect.NativeMethodAccessorImpl.invoke(NativeMethodAccessorImpl.java:39)
	at sun.reflect.DelegatingMethodAccessorImpl.invoke(DelegatingMethodAccessorImpl.java:25)
	at java.lang.reflect.Method.invoke(Method.java:597)
	at junit.framework.TestCase.runTest(TestCase.java:164)
	at junit.framework.TestCase.runBare(TestCase.java:130)
	at junit.framework.TestResult$1.protect(TestResult.java:106)
	at junit.framework.TestResult.runProtected(TestResult.java:124)
	at junit.framework.TestResult.run(TestResult.java:109)
	at junit.framework.TestCase.run(TestCase.java:120)
	at junit.framework.TestSuite.runTest(TestSuite.java:230)
	at junit.framework.TestSuite.run(TestSuite.java:225)
	at org.apache.tools.ant.taskdefs.optional.junit.JUnitTestRunner.run(JUnitTestRunner.java:421)
	at org.apache.tools.ant.taskdefs.optional.junit.JUnitTestRunner.launch(JUnitTestRunner.java:912)
	at org.apache.tools.ant.taskdefs.optional.junit.JUnitTestRunner.main(JUnitTestRunner.java:766)
Testing... ELIMINACAO_GAUSS
Testing... GAUSS_JORDAN
Testing... DECOMPOSICAO_LU
Testing... DECOMPOSICAO_SVD
Testing... DECOMPOSICAO_CHOLESKY
Exception - DECOMPOSICAO_CHOLESKY
java.lang.RuntimeException: Matrix is not symmetric positive definite.
	at br.edu.ufcg.msnlab.methods.choleskyQR.logic_methods.Cholesky.solve(Cholesky.java:100)
	at br.edu.ufcg.msnlab.methods.choleskyQR.interfaces.CholeskySolverImpl.solve(CholeskySolverImpl.java:97)
	at br.edu.ufcg.msnlab.facade.Controller.resolve(Controller.java:41)
	at br.edu.ufcg.msnlab.facade.Facade.resolve(Facade.java:37)
	at br.edu.ufcg.msnlab.MethodsAutomatedTest.genericTestOneMethod(MethodsAutomatedTest.java:109)
	at br.edu.ufcg.msnlab.MethodsAutomatedTest.genericTestMethods(MethodsAutomatedTest.java:127)
	at br.edu.ufcg.msnlab.MethodsAutomatedTest.test5Variables100Operations3Times(MethodsAutomatedTest.java:50)
	at sun.reflect.NativeMethodAccessorImpl.invoke0(Native Method)
	at sun.reflect.NativeMethodAccessorImpl.invoke(NativeMethodAccessorImpl.java:39)
	at sun.reflect.DelegatingMethodAccessorImpl.invoke(DelegatingMethodAccessorImpl.java:25)
	at java.lang.reflect.Method.invoke(Method.java:597)
	at junit.framework.TestCase.runTest(TestCase.java:164)
	at junit.framework.TestCase.runBare(TestCase.java:130)
	at junit.framework.TestResult$1.protect(TestResult.java:106)
	at junit.framework.TestResult.runProtected(TestResult.java:124)
	at junit.framework.TestResult.run(TestResult.java:109)
	at junit.framework.TestCase.run(TestCase.java:120)
	at junit.framework.TestSuite.runTest(TestSuite.java:230)
	at junit.framework.TestSuite.run(TestSuite.java:225)
	at org.apache.tools.ant.taskdefs.optional.junit.JUnitTestRunner.run(JUnitTestRunner.java:421)
	at org.apache.tools.ant.taskdefs.optional.junit.JUnitTestRunner.launch(JUnitTestRunner.java:912)
	at org.apache.tools.ant.taskdefs.optional.junit.JUnitTestRunner.main(JUnitTestRunner.java:766)
Testing... DECOMPOSICAO_QR
Testing... GAUSS_JACOBI
Exception - GAUSS_JACOBI
br.edu.ufcg.msnlab.exceptions.MSNException: The system can not converge!
	at br.edu.ufcg.msnlab.methods.jacobi.JacobiSolverImpl.searchMatrixConvergence(JacobiSolverImpl.java:205)
	at br.edu.ufcg.msnlab.methods.jacobi.JacobiSolverImpl.solve(JacobiSolverImpl.java:33)
	at br.edu.ufcg.msnlab.facade.Controller.resolve(Controller.java:53)
	at br.edu.ufcg.msnlab.facade.Facade.resolve(Facade.java:37)
	at br.edu.ufcg.msnlab.MethodsAutomatedTest.genericTestOneMethod(MethodsAutomatedTest.java:109)
	at br.edu.ufcg.msnlab.MethodsAutomatedTest.genericTestMethods(MethodsAutomatedTest.java:127)
	at br.edu.ufcg.msnlab.MethodsAutomatedTest.test5Variables100Operations3Times(MethodsAutomatedTest.java:50)
	at sun.reflect.NativeMethodAccessorImpl.invoke0(Native Method)
	at sun.reflect.NativeMethodAccessorImpl.invoke(NativeMethodAccessorImpl.java:39)
	at sun.reflect.DelegatingMethodAccessorImpl.invoke(DelegatingMethodAccessorImpl.java:25)
	at java.lang.reflect.Method.invoke(Method.java:597)
	at junit.framework.TestCase.runTest(TestCase.java:164)
	at junit.framework.TestCase.runBare(TestCase.java:130)
	at junit.framework.TestResult$1.protect(TestResult.java:106)
	at junit.framework.TestResult.runProtected(TestResult.java:124)
	at junit.framework.TestResult.run(TestResult.java:109)
	at junit.framework.TestCase.run(TestCase.java:120)
	at junit.framework.TestSuite.runTest(TestSuite.java:230)
	at junit.framework.TestSuite.run(TestSuite.java:225)
	at org.apache.tools.ant.taskdefs.optional.junit.JUnitTestRunner.run(JUnitTestRunner.java:421)
	at org.apache.tools.ant.taskdefs.optional.junit.JUnitTestRunner.launch(JUnitTestRunner.java:912)
	at org.apache.tools.ant.taskdefs.optional.junit.JUnitTestRunner.main(JUnitTestRunner.java:766)
Testing... GAUSS_SEIDEL
Exception - GAUSS_SEIDEL
br.edu.ufcg.msnlab.exceptions.MSNException: The system can not converge!
	at br.edu.ufcg.msnlab.methods.GaussSeidel.GaussSeidelSolverImpl.searchMatrixConvergence(GaussSeidelSolverImpl.java:115)
	at br.edu.ufcg.msnlab.methods.GaussSeidel.GaussSeidelSolverImpl.seidel(GaussSeidelSolverImpl.java:74)
	at br.edu.ufcg.msnlab.methods.GaussSeidel.GaussSeidelSolverImpl.solve(GaussSeidelSolverImpl.java:34)
	at br.edu.ufcg.msnlab.facade.Controller.resolve(Controller.java:56)
	at br.edu.ufcg.msnlab.facade.Facade.resolve(Facade.java:37)
	at br.edu.ufcg.msnlab.MethodsAutomatedTest.genericTestOneMethod(MethodsAutomatedTest.java:109)
	at br.edu.ufcg.msnlab.MethodsAutomatedTest.genericTestMethods(MethodsAutomatedTest.java:127)
	at br.edu.ufcg.msnlab.MethodsAutomatedTest.test5Variables100Operations3Times(MethodsAutomatedTest.java:50)
	at sun.reflect.NativeMethodAccessorImpl.invoke0(Native Method)
	at sun.reflect.NativeMethodAccessorImpl.invoke(NativeMethodAccessorImpl.java:39)
	at sun.reflect.DelegatingMethodAccessorImpl.invoke(DelegatingMethodAccessorImpl.java:25)
	at java.lang.reflect.Method.invoke(Method.java:597)
	at junit.framework.TestCase.runTest(TestCase.java:164)
	at junit.framework.TestCase.runBare(TestCase.java:130)
	at junit.framework.TestResult$1.protect(TestResult.java:106)
	at junit.framework.TestResult.runProtected(TestResult.java:124)
	at junit.framework.TestResult.run(TestResult.java:109)
	at junit.framework.TestCase.run(TestCase.java:120)
	at junit.framework.TestSuite.runTest(TestSuite.java:230)
	at junit.framework.TestSuite.run(TestSuite.java:225)
	at org.apache.tools.ant.taskdefs.optional.junit.JUnitTestRunner.run(JUnitTestRunner.java:421)
	at org.apache.tools.ant.taskdefs.optional.junit.JUnitTestRunner.launch(JUnitTestRunner.java:912)
	at org.apache.tools.ant.taskdefs.optional.junit.JUnitTestRunner.main(JUnitTestRunner.java:766)
Testing... ELIMINACAO_GAUSS
Testing... GAUSS_JORDAN
Testing... DECOMPOSICAO_LU
Testing... DECOMPOSICAO_SVD
Testing... DECOMPOSICAO_CHOLESKY
Exception - DECOMPOSICAO_CHOLESKY
java.lang.RuntimeException: Matrix is not symmetric positive definite.
	at br.edu.ufcg.msnlab.methods.choleskyQR.logic_methods.Cholesky.solve(Cholesky.java:100)
	at br.edu.ufcg.msnlab.methods.choleskyQR.interfaces.CholeskySolverImpl.solve(CholeskySolverImpl.java:97)
	at br.edu.ufcg.msnlab.facade.Controller.resolve(Controller.java:41)
	at br.edu.ufcg.msnlab.facade.Facade.resolve(Facade.java:37)
	at br.edu.ufcg.msnlab.MethodsAutomatedTest.genericTestOneMethod(MethodsAutomatedTest.java:109)
	at br.edu.ufcg.msnlab.MethodsAutomatedTest.genericTestMethods(MethodsAutomatedTest.java:127)
	at br.edu.ufcg.msnlab.MethodsAutomatedTest.test5Variables100Operations3Times(MethodsAutomatedTest.java:50)
	at sun.reflect.NativeMethodAccessorImpl.invoke0(Native Method)
	at sun.reflect.NativeMethodAccessorImpl.invoke(NativeMethodAccessorImpl.java:39)
	at sun.reflect.DelegatingMethodAccessorImpl.invoke(DelegatingMethodAccessorImpl.java:25)
	at java.lang.reflect.Method.invoke(Method.java:597)
	at junit.framework.TestCase.runTest(TestCase.java:164)
	at junit.framework.TestCase.runBare(TestCase.java:130)
	at junit.framework.TestResult$1.protect(TestResult.java:106)
	at junit.framework.TestResult.runProtected(TestResult.java:124)
	at junit.framework.TestResult.run(TestResult.java:109)
	at junit.framework.TestCase.run(TestCase.java:120)
	at junit.framework.TestSuite.runTest(TestSuite.java:230)
	at junit.framework.TestSuite.run(TestSuite.java:225)
	at org.apache.tools.ant.taskdefs.optional.junit.JUnitTestRunner.run(JUnitTestRunner.java:421)
	at org.apache.tools.ant.taskdefs.optional.junit.JUnitTestRunner.launch(JUnitTestRunner.java:912)
	at org.apache.tools.ant.taskdefs.optional.junit.JUnitTestRunner.main(JUnitTestRunner.java:766)
Testing... DECOMPOSICAO_QR
Testing... GAUSS_JACOBI
Exception - GAUSS_JACOBI
br.edu.ufcg.msnlab.exceptions.MSNException: The system can not converge!
	at br.edu.ufcg.msnlab.methods.jacobi.JacobiSolverImpl.searchMatrixConvergence(JacobiSolverImpl.java:205)
	at br.edu.ufcg.msnlab.methods.jacobi.JacobiSolverImpl.solve(JacobiSolverImpl.java:33)
	at br.edu.ufcg.msnlab.facade.Controller.resolve(Controller.java:53)
	at br.edu.ufcg.msnlab.facade.Facade.resolve(Facade.java:37)
	at br.edu.ufcg.msnlab.MethodsAutomatedTest.genericTestOneMethod(MethodsAutomatedTest.java:109)
	at br.edu.ufcg.msnlab.MethodsAutomatedTest.genericTestMethods(MethodsAutomatedTest.java:127)
	at br.edu.ufcg.msnlab.MethodsAutomatedTest.test5Variables100Operations3Times(MethodsAutomatedTest.java:50)
	at sun.reflect.NativeMethodAccessorImpl.invoke0(Native Method)
	at sun.reflect.NativeMethodAccessorImpl.invoke(NativeMethodAccessorImpl.java:39)
	at sun.reflect.DelegatingMethodAccessorImpl.invoke(DelegatingMethodAccessorImpl.java:25)
	at java.lang.reflect.Method.invoke(Method.java:597)
	at junit.framework.TestCase.runTest(TestCase.java:164)
	at junit.framework.TestCase.runBare(TestCase.java:130)
	at junit.framework.TestResult$1.protect(TestResult.java:106)
	at junit.framework.TestResult.runProtected(TestResult.java:124)
	at junit.framework.TestResult.run(TestResult.java:109)
	at junit.framework.TestCase.run(TestCase.java:120)
	at junit.framework.TestSuite.runTest(TestSuite.java:230)
	at junit.framework.TestSuite.run(TestSuite.java:225)
	at org.apache.tools.ant.taskdefs.optional.junit.JUnitTestRunner.run(JUnitTestRunner.java:421)
	at org.apache.tools.ant.taskdefs.optional.junit.JUnitTestRunner.launch(JUnitTestRunner.java:912)
	at org.apache.tools.ant.taskdefs.optional.junit.JUnitTestRunner.main(JUnitTestRunner.java:766)
Testing... GAUSS_SEIDEL
Exception - GAUSS_SEIDEL
br.edu.ufcg.msnlab.exceptions.MSNException: The system can not converge!
	at br.edu.ufcg.msnlab.methods.GaussSeidel.GaussSeidelSolverImpl.searchMatrixConvergence(GaussSeidelSolverImpl.java:115)
	at br.edu.ufcg.msnlab.methods.GaussSeidel.GaussSeidelSolverImpl.seidel(GaussSeidelSolverImpl.java:74)
	at br.edu.ufcg.msnlab.methods.GaussSeidel.GaussSeidelSolverImpl.solve(GaussSeidelSolverImpl.java:34)
	at br.edu.ufcg.msnlab.facade.Controller.resolve(Controller.java:56)
	at br.edu.ufcg.msnlab.facade.Facade.resolve(Facade.java:37)
	at br.edu.ufcg.msnlab.MethodsAutomatedTest.genericTestOneMethod(MethodsAutomatedTest.java:109)
	at br.edu.ufcg.msnlab.MethodsAutomatedTest.genericTestMethods(MethodsAutomatedTest.java:127)
	at br.edu.ufcg.msnlab.MethodsAutomatedTest.test5Variables100Operations3Times(MethodsAutomatedTest.java:50)
	at sun.reflect.NativeMethodAccessorImpl.invoke0(Native Method)
	at sun.reflect.NativeMethodAccessorImpl.invoke(NativeMethodAccessorImpl.java:39)
	at sun.reflect.DelegatingMethodAccessorImpl.invoke(DelegatingMethodAccessorImpl.java:25)
	at java.lang.reflect.Method.invoke(Method.java:597)
	at junit.framework.TestCase.runTest(TestCase.java:164)
	at junit.framework.TestCase.runBare(TestCase.java:130)
	at junit.framework.TestResult$1.protect(TestResult.java:106)
	at junit.framework.TestResult.runProtected(TestResult.java:124)
	at junit.framework.TestResult.run(TestResult.java:109)
	at junit.framework.TestCase.run(TestCase.java:120)
	at junit.framework.TestSuite.runTest(TestSuite.java:230)
	at junit.framework.TestSuite.run(TestSuite.java:225)
	at org.apache.tools.ant.taskdefs.optional.junit.JUnitTestRunner.run(JUnitTestRunner.java:421)
	at org.apache.tools.ant.taskdefs.optional.junit.JUnitTestRunner.launch(JUnitTestRunner.java:912)
	at org.apache.tools.ant.taskdefs.optional.junit.JUnitTestRunner.main(JUnitTestRunner.java:766)
Testing... ELIMINACAO_GAUSS
Testing... GAUSS_JORDAN
Testing... DECOMPOSICAO_LU
Exception - DECOMPOSICAO_LU
java.lang.NumberFormatException: Infinite or NaN
	at java.math.BigDecimal.<init>(BigDecimal.java:716)
	at br.edu.ufcg.msnlab.methods.LU.LU.fitResidue(LU.java:198)
	at br.edu.ufcg.msnlab.methods.LU.LU.solve(LU.java:267)
	at br.edu.ufcg.msnlab.facade.Controller.resolve(Controller.java:44)
	at br.edu.ufcg.msnlab.facade.Facade.resolve(Facade.java:37)
	at br.edu.ufcg.msnlab.MethodsAutomatedTest.genericTestOneMethod(MethodsAutomatedTest.java:109)
	at br.edu.ufcg.msnlab.MethodsAutomatedTest.genericTestMethods(MethodsAutomatedTest.java:127)
	at br.edu.ufcg.msnlab.MethodsAutomatedTest.test5Variables100Operations3Times(MethodsAutomatedTest.java:50)
	at sun.reflect.NativeMethodAccessorImpl.invoke0(Native Method)
	at sun.reflect.NativeMethodAccessorImpl.invoke(NativeMethodAccessorImpl.java:39)
	at sun.reflect.DelegatingMethodAccessorImpl.invoke(DelegatingMethodAccessorImpl.java:25)
	at java.lang.reflect.Method.invoke(Method.java:597)
	at junit.framework.TestCase.runTest(TestCase.java:164)
	at junit.framework.TestCase.runBare(TestCase.java:130)
	at junit.framework.TestResult$1.protect(TestResult.java:106)
	at junit.framework.TestResult.runProtected(TestResult.java:124)
	at junit.framework.TestResult.run(TestResult.java:109)
	at junit.framework.TestCase.run(TestCase.java:120)
	at junit.framework.TestSuite.runTest(TestSuite.java:230)
	at junit.framework.TestSuite.run(TestSuite.java:225)
	at org.apache.tools.ant.taskdefs.optional.junit.JUnitTestRunner.run(JUnitTestRunner.java:421)
	at org.apache.tools.ant.taskdefs.optional.junit.JUnitTestRunner.launch(JUnitTestRunner.java:912)
	at org.apache.tools.ant.taskdefs.optional.junit.JUnitTestRunner.main(JUnitTestRunner.java:766)
Testing... DECOMPOSICAO_SVD
Testing... DECOMPOSICAO_CHOLESKY
Exception - DECOMPOSICAO_CHOLESKY
java.lang.RuntimeException: Matrix is not symmetric positive definite.
	at br.edu.ufcg.msnlab.methods.choleskyQR.logic_methods.Cholesky.solve(Cholesky.java:100)
	at br.edu.ufcg.msnlab.methods.choleskyQR.interfaces.CholeskySolverImpl.solve(CholeskySolverImpl.java:97)
	at br.edu.ufcg.msnlab.facade.Controller.resolve(Controller.java:41)
	at br.edu.ufcg.msnlab.facade.Facade.resolve(Facade.java:37)
	at br.edu.ufcg.msnlab.MethodsAutomatedTest.genericTestOneMethod(MethodsAutomatedTest.java:109)
	at br.edu.ufcg.msnlab.MethodsAutomatedTest.genericTestMethods(MethodsAutomatedTest.java:127)
	at br.edu.ufcg.msnlab.MethodsAutomatedTest.test5Variables100Operations3Times(MethodsAutomatedTest.java:50)
	at sun.reflect.NativeMethodAccessorImpl.invoke0(Native Method)
	at sun.reflect.NativeMethodAccessorImpl.invoke(NativeMethodAccessorImpl.java:39)
	at sun.reflect.DelegatingMethodAccessorImpl.invoke(DelegatingMethodAccessorImpl.java:25)
	at java.lang.reflect.Method.invoke(Method.java:597)
	at junit.framework.TestCase.runTest(TestCase.java:164)
	at junit.framework.TestCase.runBare(TestCase.java:130)
	at junit.framework.TestResult$1.protect(TestResult.java:106)
	at junit.framework.TestResult.runProtected(TestResult.java:124)
	at junit.framework.TestResult.run(TestResult.java:109)
	at junit.framework.TestCase.run(TestCase.java:120)
	at junit.framework.TestSuite.runTest(TestSuite.java:230)
	at junit.framework.TestSuite.run(TestSuite.java:225)
	at org.apache.tools.ant.taskdefs.optional.junit.JUnitTestRunner.run(JUnitTestRunner.java:421)
	at org.apache.tools.ant.taskdefs.optional.junit.JUnitTestRunner.launch(JUnitTestRunner.java:912)
	at org.apache.tools.ant.taskdefs.optional.junit.JUnitTestRunner.main(JUnitTestRunner.java:766)
Testing... DECOMPOSICAO_QR
Testing... GAUSS_JACOBI
Exception - GAUSS_JACOBI
br.edu.ufcg.msnlab.exceptions.MSNException: The system can not converge!
	at br.edu.ufcg.msnlab.methods.jacobi.JacobiSolverImpl.searchMatrixConvergence(JacobiSolverImpl.java:205)
	at br.edu.ufcg.msnlab.methods.jacobi.JacobiSolverImpl.solve(JacobiSolverImpl.java:33)
	at br.edu.ufcg.msnlab.facade.Controller.resolve(Controller.java:53)
	at br.edu.ufcg.msnlab.facade.Facade.resolve(Facade.java:37)
	at br.edu.ufcg.msnlab.MethodsAutomatedTest.genericTestOneMethod(MethodsAutomatedTest.java:109)
	at br.edu.ufcg.msnlab.MethodsAutomatedTest.genericTestMethods(MethodsAutomatedTest.java:127)
	at br.edu.ufcg.msnlab.MethodsAutomatedTest.test5Variables100Operations3Times(MethodsAutomatedTest.java:50)
	at sun.reflect.NativeMethodAccessorImpl.invoke0(Native Method)
	at sun.reflect.NativeMethodAccessorImpl.invoke(NativeMethodAccessorImpl.java:39)
	at sun.reflect.DelegatingMethodAccessorImpl.invoke(DelegatingMethodAccessorImpl.java:25)
	at java.lang.reflect.Method.invoke(Method.java:597)
	at junit.framework.TestCase.runTest(TestCase.java:164)
	at junit.framework.TestCase.runBare(TestCase.java:130)
	at junit.framework.TestResult$1.protect(TestResult.java:106)
	at junit.framework.TestResult.runProtected(TestResult.java:124)
	at junit.framework.TestResult.run(TestResult.java:109)
	at junit.framework.TestCase.run(TestCase.java:120)
	at junit.framework.TestSuite.runTest(TestSuite.java:230)
	at junit.framework.TestSuite.run(TestSuite.java:225)
	at org.apache.tools.ant.taskdefs.optional.junit.JUnitTestRunner.run(JUnitTestRunner.java:421)
	at org.apache.tools.ant.taskdefs.optional.junit.JUnitTestRunner.launch(JUnitTestRunner.java:912)
	at org.apache.tools.ant.taskdefs.optional.junit.JUnitTestRunner.main(JUnitTestRunner.java:766)
Testing... GAUSS_SEIDEL
Exception - GAUSS_SEIDEL
br.edu.ufcg.msnlab.exceptions.MSNException: The system can not converge!
	at br.edu.ufcg.msnlab.methods.GaussSeidel.GaussSeidelSolverImpl.searchMatrixConvergence(GaussSeidelSolverImpl.java:115)
	at br.edu.ufcg.msnlab.methods.GaussSeidel.GaussSeidelSolverImpl.seidel(GaussSeidelSolverImpl.java:74)
	at br.edu.ufcg.msnlab.methods.GaussSeidel.GaussSeidelSolverImpl.solve(GaussSeidelSolverImpl.java:34)
	at br.edu.ufcg.msnlab.facade.Controller.resolve(Controller.java:56)
	at br.edu.ufcg.msnlab.facade.Facade.resolve(Facade.java:37)
	at br.edu.ufcg.msnlab.MethodsAutomatedTest.genericTestOneMethod(MethodsAutomatedTest.java:109)
	at br.edu.ufcg.msnlab.MethodsAutomatedTest.genericTestMethods(MethodsAutomatedTest.java:127)
	at br.edu.ufcg.msnlab.MethodsAutomatedTest.test5Variables100Operations3Times(MethodsAutomatedTest.java:50)
	at sun.reflect.NativeMethodAccessorImpl.invoke0(Native Method)
	at sun.reflect.NativeMethodAccessorImpl.invoke(NativeMethodAccessorImpl.java:39)
	at sun.reflect.DelegatingMethodAccessorImpl.invoke(DelegatingMethodAccessorImpl.java:25)
	at java.lang.reflect.Method.invoke(Method.java:597)
	at junit.framework.TestCase.runTest(TestCase.java:164)
	at junit.framework.TestCase.runBare(TestCase.java:130)
	at junit.framework.TestResult$1.protect(TestResult.java:106)
	at junit.framework.TestResult.runProtected(TestResult.java:124)
	at junit.framework.TestResult.run(TestResult.java:109)
	at junit.framework.TestCase.run(TestCase.java:120)
	at junit.framework.TestSuite.runTest(TestSuite.java:230)
	at junit.framework.TestSuite.run(TestSuite.java:225)
	at org.apache.tools.ant.taskdefs.optional.junit.JUnitTestRunner.run(JUnitTestRunner.java:421)
	at org.apache.tools.ant.taskdefs.optional.junit.JUnitTestRunner.launch(JUnitTestRunner.java:912)
	at org.apache.tools.ant.taskdefs.optional.junit.JUnitTestRunner.main(JUnitTestRunner.java:766)
