<?xml version="1.0" encoding="UTF-8" ?>
<testsuite errors="0" failures="0" hostname="batintope" name="br.edu.ufcg.msnlab.MethodsAutomatedTest" tests="6" time="4.829" timestamp="2009-02-03T08:04:23">
  <properties>
[...]
</properties>
  <testcase classname="br.edu.ufcg.msnlab.MethodsAutomatedTest" name="test3Variables100OperationsLarge10Times" time="0.57" />
  <testcase classname="br.edu.ufcg.msnlab.MethodsAutomatedTest" name="test3Variables100Operations10Times" time="0.253" />
  <testcase classname="br.edu.ufcg.msnlab.MethodsAutomatedTest" name="test5Variables100Operations3Times" time="0.879" />
  <testcase classname="br.edu.ufcg.msnlab.MethodsAutomatedTest" name="test1Variables10Operations10Times" time="0.041" />
  <testcase classname="br.edu.ufcg.msnlab.MethodsAutomatedTest" name="test3Variables0Operations10Times" time="0.079" />
  <testcase classname="br.edu.ufcg.msnlab.MethodsAutomatedTest" name="testGaussAndJordan3Variables0Operations10Times" time="0.044" />
  <system-out><![CDATA[]]></system-out>
  <system-err><![CDATA[]]></system-err>
</testsuite>
